1733943062599	geckodriver	INFO	Listening on 127.0.0.1:50545
1733943065695	mozrunner::runner	INFO	Running command: "C:\\Users\\waleb\\.cache\\selenium\\firefox\\win64\\133.0.3\\firefox.exe" "--marionette" "--remote-debuggin ... 6" "--remote-allow-hosts" "localhost" "-no-remote" "-profile" "C:\\Users\\waleb\\AppData\\Local\\Temp\\rust_mozprofileJAFKfJ"
console.warn: services.settings: Ignoring preference override of remote settings server
console.warn: services.settings: Allow by setting MOZ_REMOTE_SETTINGS_DEVTOOLS=1 in the environment
Dynamically enable window occlusion 0
1733943066932	Marionette	INFO	Marionette enabled
1733943067213	Marionette	INFO	Listening on port 50558
WebDriver BiDi listening on ws://127.0.0.1:50546
Read port: 50558
1733943067609	RemoteAgent	WARN	TLS certificate errors will be ignored for this session
JavaScript error: , line 0: NotFoundError: No such JSProcessActor 'DevToolsProcess'
JavaScript error: , line 0: NotFoundError: No such JSProcessActor 'DevToolsProcess'
JavaScript error: , line 0: NotFoundError: No such JSProcessActor 'DevToolsProcess'
JavaScript error: , line 0: NotFoundError: No such JSProcessActor 'DevToolsProcess'
JavaScript error: , line 0: NotFoundError: No such JSProcessActor 'DevToolsProcess'
JavaScript error: , line 0: NotFoundError: No such JSProcessActor 'DevToolsProcess'
JavaScript error: , line 0: NotFoundError: No such JSProcessActor 'DevToolsProcess'
JavaScript warning: https://www.googletagmanager.com/gtag/js?id=G-1SPG0WZDNF&cx=c&_slc=1, line 367: Script terminated by timeout at:
fn.prototype.flush@https://www.googletagmanager.com/gtag/js?id=G-1SPG0WZDNF&cx=c&_slc=1:367:62
WI/<@https://www.googletagmanager.com/gtag/js?id=G-1SPG0WZDNF&cx=c&_slc=1:651:142
h.yl/<@https://www.googletagmanager.com/gtag/js?id=G-1SPG0WZDNF&cx=c&_slc=1:591:126
h.yl/c/<@https://www.googletagmanager.com/gtag/js?id=G-1SPG0WZDNF&cx=c&_slc=1:590:418

JavaScript error: resource://gre/modules/AsyncShutdown.sys.mjs, line 569: NotFoundError: No such JSProcessActor 'DevToolsProcess'
JavaScript error: resource://gre/modules/AsyncShutdown.sys.mjs, line 569: NotFoundError: No such JSProcessActor 'DevToolsProcess'
JavaScript error: resource://gre/modules/AsyncShutdown.sys.mjs, line 569: NotFoundError: No such JSProcessActor 'DevToolsProcess'
JavaScript error: resource://gre/modules/AsyncShutdown.sys.mjs, line 569: NotFoundError: No such JSProcessActor 'DevToolsProcess'
JavaScript error: resource://gre/modules/AsyncShutdown.sys.mjs, line 569: NotFoundError: No such JSProcessActor 'DevToolsProcess'
JavaScript error: resource://gre/modules/AsyncShutdown.sys.mjs, line 569: NotFoundError: No such JSProcessActor 'DevToolsProcess'
JavaScript error: resource://gre/modules/AsyncShutdown.sys.mjs, line 569: NotFoundError: No such JSProcessActor 'DevToolsProcess'
1733944236296	Marionette	INFO	Stopped listening on port 50558
Dynamically enable window occlusion 1
console.error: "Error in worker resource://devtools/client/shared/source-map-loader/worker.js" ": "
